{"C:\\Users\\pvini\\Documents\\growdev\\projects\\tweet-bot-api\\src\\core\\domain\\errors\\not-found-error.ts": {"path":"C:\\Users\\pvini\\Documents\\growdev\\projects\\tweet-bot-api\\src\\core\\domain\\errors\\not-found-error.ts","statementMap":{"0":{"start":{"line":3,"column":8},"end":{"line":3,"column":32}},"1":{"start":{"line":4,"column":8},"end":{"line":4,"column":36}},"2":{"start":{"line":1,"column":0},"end":{"line":1,"column":13}}},"fnMap":{"0":{"name":"(anonymous_0)","decl":{"start":{"line":2,"column":4},"end":{"line":2,"column":null}},"loc":{"start":{"line":2,"column":4},"end":{"line":5,"column":5}}}},"branchMap":{},"s":{"0":1,"1":1,"2":1},"f":{"0":1},"b":{}}
,"C:\\Users\\pvini\\Documents\\growdev\\projects\\tweet-bot-api\\src\\core\\infra\\database\\connections\\database-connection.ts": {"path":"C:\\Users\\pvini\\Documents\\growdev\\projects\\tweet-bot-api\\src\\core\\infra\\database\\connections\\database-connection.ts","statementMap":{"0":{"start":{"line":1,"column":0},"end":{"line":1,"column":55}},"1":{"start":{"line":7,"column":8},"end":{"line":9,"column":null}},"2":{"start":{"line":8,"column":12},"end":{"line":8,"column":56}},"3":{"start":{"line":11,"column":8},"end":{"line":11,"column":47}},"4":{"start":{"line":15,"column":8},"end":{"line":17,"column":null}},"5":{"start":{"line":16,"column":12},"end":{"line":16,"column":58}},"6":{"start":{"line":19,"column":8},"end":{"line":19,"column":32}},"7":{"start":{"line":3,"column":0},"end":{"line":3,"column":13}}},"fnMap":{"0":{"name":"(anonymous_0)","decl":{"start":{"line":6,"column":4},"end":{"line":6,"column":10}},"loc":{"start":{"line":6,"column":27},"end":{"line":12,"column":5}}},"1":{"name":"(anonymous_1)","decl":{"start":{"line":14,"column":4},"end":{"line":14,"column":10}},"loc":{"start":{"line":14,"column":24},"end":{"line":20,"column":5}}}},"branchMap":{"0":{"loc":{"start":{"line":7,"column":8},"end":{"line":9,"column":null}},"type":"if","locations":[{"start":{"line":7,"column":8},"end":{"line":9,"column":null}}]},"1":{"loc":{"start":{"line":15,"column":8},"end":{"line":17,"column":null}},"type":"if","locations":[{"start":{"line":15,"column":8},"end":{"line":17,"column":null}}]}},"s":{"0":1,"1":1,"2":1,"3":1,"4":0,"5":0,"6":0,"7":1},"f":{"0":1,"1":0},"b":{"0":[1],"1":[0]}}
,"C:\\Users\\pvini\\Documents\\growdev\\projects\\tweet-bot-api\\src\\core\\infra\\database\\entities\\tweet-like.ts": {"path":"C:\\Users\\pvini\\Documents\\growdev\\projects\\tweet-bot-api\\src\\core\\infra\\database\\entities\\tweet-like.ts","statementMap":{"0":{"start":{"line":1,"column":0},"end":{"line":1,"column":30}},"1":{"start":{"line":2,"column":0},"end":{"line":2,"column":null}},"2":{"start":{"line":10,"column":0},"end":{"line":10,"column":32}},"3":{"start":{"line":13,"column":0},"end":{"line":33,"column":null}},"4":{"start":{"line":17,"column":4},"end":{"line":17,"column":null}},"5":{"start":{"line":23,"column":4},"end":{"line":23,"column":null}},"6":{"start":{"line":19,"column":21},"end":{"line":19,"column":26}},"7":{"start":{"line":29,"column":4},"end":{"line":29,"column":null}},"8":{"start":{"line":25,"column":21},"end":{"line":25,"column":25}},"9":{"start":{"line":32,"column":4},"end":{"line":32,"column":null}},"10":{"start":{"line":13,"column":13},"end":{"line":33,"column":null}},"11":{"start":{"line":13,"column":13},"end":{"line":13,"column":22}}},"fnMap":{"0":{"name":"(anonymous_2)","decl":{"start":{"line":19,"column":15},"end":{"line":19,"column":18}},"loc":{"start":{"line":19,"column":21},"end":{"line":19,"column":26}}},"1":{"name":"(anonymous_3)","decl":{"start":{"line":25,"column":15},"end":{"line":25,"column":18}},"loc":{"start":{"line":25,"column":21},"end":{"line":25,"column":25}}}},"branchMap":{},"s":{"0":1,"1":1,"2":1,"3":1,"4":1,"5":1,"6":1,"7":1,"8":1,"9":1,"10":1,"11":1},"f":{"0":1,"1":1},"b":{}}
,"C:\\Users\\pvini\\Documents\\growdev\\projects\\tweet-bot-api\\src\\core\\infra\\database\\entities\\tweet.ts": {"path":"C:\\Users\\pvini\\Documents\\growdev\\projects\\tweet-bot-api\\src\\core\\infra\\database\\entities\\tweet.ts","statementMap":{"0":{"start":{"line":1,"column":0},"end":{"line":1,"column":30}},"1":{"start":{"line":2,"column":0},"end":{"line":2,"column":null}},"2":{"start":{"line":12,"column":0},"end":{"line":31,"column":null}},"3":{"start":{"line":16,"column":4},"end":{"line":16,"column":null}},"4":{"start":{"line":21,"column":4},"end":{"line":21,"column":null}},"5":{"start":{"line":27,"column":4},"end":{"line":27,"column":null}},"6":{"start":{"line":23,"column":21},"end":{"line":23,"column":25}},"7":{"start":{"line":30,"column":4},"end":{"line":30,"column":null}},"8":{"start":{"line":12,"column":13},"end":{"line":31,"column":null}},"9":{"start":{"line":12,"column":13},"end":{"line":12,"column":18}}},"fnMap":{"0":{"name":"(anonymous_2)","decl":{"start":{"line":23,"column":15},"end":{"line":23,"column":18}},"loc":{"start":{"line":23,"column":21},"end":{"line":23,"column":25}}}},"branchMap":{},"s":{"0":1,"1":1,"2":1,"3":1,"4":1,"5":1,"6":1,"7":1,"8":1,"9":1},"f":{"0":1},"b":{}}
,"C:\\Users\\pvini\\Documents\\growdev\\projects\\tweet-bot-api\\src\\core\\infra\\database\\entities\\user.ts": {"path":"C:\\Users\\pvini\\Documents\\growdev\\projects\\tweet-bot-api\\src\\core\\infra\\database\\entities\\user.ts","statementMap":{"0":{"start":{"line":1,"column":0},"end":{"line":1,"column":74}},"1":{"start":{"line":4,"column":0},"end":{"line":28,"column":null}},"2":{"start":{"line":8,"column":4},"end":{"line":8,"column":null}},"3":{"start":{"line":13,"column":4},"end":{"line":13,"column":null}},"4":{"start":{"line":18,"column":4},"end":{"line":18,"column":null}},"5":{"start":{"line":24,"column":4},"end":{"line":24,"column":null}},"6":{"start":{"line":27,"column":4},"end":{"line":27,"column":null}},"7":{"start":{"line":4,"column":13},"end":{"line":28,"column":null}},"8":{"start":{"line":4,"column":13},"end":{"line":4,"column":17}}},"fnMap":{},"branchMap":{},"s":{"0":1,"1":1,"2":1,"3":1,"4":1,"5":1,"6":1,"7":1,"8":1},"f":{},"b":{}}
,"C:\\Users\\pvini\\Documents\\growdev\\projects\\tweet-bot-api\\src\\features\\user\\domain\\usecases\\delete-user-usecase.ts": {"path":"C:\\Users\\pvini\\Documents\\growdev\\projects\\tweet-bot-api\\src\\features\\user\\domain\\usecases\\delete-user-usecase.ts","statementMap":{"0":{"start":{"line":1,"column":0},"end":{"line":1,"column":79}},"1":{"start":{"line":5,"column":24},"end":{"line":5,"column":51}},"2":{"start":{"line":8,"column":21},"end":{"line":8,"column":56}},"3":{"start":{"line":9,"column":8},"end":{"line":11,"column":null}},"4":{"start":{"line":10,"column":12},"end":{"line":10,"column":38}},"5":{"start":{"line":13,"column":8},"end":{"line":13,"column":47}},"6":{"start":{"line":4,"column":0},"end":{"line":4,"column":13}}},"fnMap":{"0":{"name":"(anonymous_0)","decl":{"start":{"line":5,"column":4},"end":{"line":5,"column":24}},"loc":{"start":{"line":5,"column":51},"end":{"line":5,"column":55}}},"1":{"name":"(anonymous_1)","decl":{"start":{"line":7,"column":4},"end":{"line":7,"column":9}},"loc":{"start":{"line":7,"column":30},"end":{"line":14,"column":5}}}},"branchMap":{"0":{"loc":{"start":{"line":9,"column":8},"end":{"line":11,"column":null}},"type":"if","locations":[{"start":{"line":9,"column":8},"end":{"line":11,"column":null}}]}},"s":{"0":1,"1":12,"2":4,"3":3,"4":1,"5":2,"6":1},"f":{"0":12,"1":4},"b":{"0":[1]}}
,"C:\\Users\\pvini\\Documents\\growdev\\projects\\tweet-bot-api\\src\\features\\user\\infra\\database\\repositories\\user-repository.ts": {"path":"C:\\Users\\pvini\\Documents\\growdev\\projects\\tweet-bot-api\\src\\features\\user\\infra\\database\\repositories\\user-repository.ts","statementMap":{"0":{"start":{"line":2,"column":0},"end":{"line":2,"column":52}},"1":{"start":{"line":4,"column":0},"end":{"line":4,"column":72}},"2":{"start":{"line":11,"column":8},"end":{"line":11,"column":47}},"3":{"start":{"line":15,"column":34},"end":{"line":15,"column":63}},"4":{"start":{"line":16,"column":8},"end":{"line":16,"column":49}},"5":{"start":{"line":18,"column":8},"end":{"line":18,"column":27}},"6":{"start":{"line":22,"column":8},"end":{"line":22,"column":56}},"7":{"start":{"line":26,"column":8},"end":{"line":26,"column":45}},"8":{"start":{"line":7,"column":0},"end":{"line":7,"column":13}}},"fnMap":{"0":{"name":"(anonymous_0)","decl":{"start":{"line":10,"column":4},"end":{"line":10,"column":null}},"loc":{"start":{"line":10,"column":4},"end":{"line":12,"column":5}}},"1":{"name":"(anonymous_1)","decl":{"start":{"line":14,"column":4},"end":{"line":14,"column":9}},"loc":{"start":{"line":14,"column":28},"end":{"line":19,"column":5}}},"2":{"name":"(anonymous_2)","decl":{"start":{"line":21,"column":4},"end":{"line":21,"column":9}},"loc":{"start":{"line":21,"column":30},"end":{"line":23,"column":5}}},"3":{"name":"(anonymous_3)","decl":{"start":{"line":25,"column":4},"end":{"line":25,"column":9}},"loc":{"start":{"line":25,"column":14},"end":{"line":27,"column":5}}},"4":{"name":"(anonymous_4)","decl":{"start":{"line":29,"column":4},"end":{"line":29,"column":9}},"loc":{"start":{"line":29,"column":33},"end":{"line":29,"column":37}}}},"branchMap":{},"s":{"0":1,"1":1,"2":4,"3":0,"4":0,"5":0,"6":1,"7":0,"8":1},"f":{"0":4,"1":0,"2":1,"3":0,"4":0},"b":{}}
}
