TN:
SF:src\core\domain\errors\not-found-error.ts
FN:2,(anonymous_0)
FNF:1
FNH:1
FNDA:1,(anonymous_0)
DA:1,1
DA:3,1
DA:4,1
LF:3
LH:3
BRF:0
BRH:0
end_of_record
TN:
SF:src\core\infra\database\connections\database-connection.ts
FN:6,(anonymous_0)
FN:14,(anonymous_1)
FNF:2
FNH:1
FNDA:1,(anonymous_0)
FNDA:0,(anonymous_1)
DA:1,1
DA:3,1
DA:7,1
DA:8,1
DA:11,1
DA:15,0
DA:16,0
DA:19,0
LF:8
LH:5
BRDA:7,0,0,1
BRDA:15,1,0,0
BRF:2
BRH:1
end_of_record
TN:
SF:src\core\infra\database\entities\tweet-like.ts
FN:19,(anonymous_2)
FN:25,(anonymous_3)
FNF:2
FNH:2
FNDA:1,(anonymous_2)
FNDA:1,(anonymous_3)
DA:1,1
DA:2,1
DA:10,1
DA:13,1
DA:17,1
DA:19,1
DA:23,1
DA:25,1
DA:29,1
DA:32,1
LF:10
LH:10
BRF:0
BRH:0
end_of_record
TN:
SF:src\core\infra\database\entities\tweet.ts
FN:23,(anonymous_2)
FNF:1
FNH:1
FNDA:1,(anonymous_2)
DA:1,1
DA:2,1
DA:12,1
DA:16,1
DA:21,1
DA:23,1
DA:27,1
DA:30,1
LF:8
LH:8
BRF:0
BRH:0
end_of_record
TN:
SF:src\core\infra\database\entities\user.ts
FNF:0
FNH:0
DA:1,1
DA:4,1
DA:8,1
DA:13,1
DA:18,1
DA:24,1
DA:27,1
LF:7
LH:7
BRF:0
BRH:0
end_of_record
TN:
SF:src\features\user\domain\usecases\delete-user-usecase.ts
FN:5,(anonymous_0)
FN:7,(anonymous_1)
FNF:2
FNH:2
FNDA:12,(anonymous_0)
FNDA:4,(anonymous_1)
DA:1,1
DA:4,1
DA:5,12
DA:8,4
DA:9,3
DA:10,1
DA:13,2
LF:7
LH:7
BRDA:9,0,0,1
BRF:1
BRH:1
end_of_record
TN:
SF:src\features\user\infra\database\repositories\user-repository.ts
FN:10,(anonymous_0)
FN:14,(anonymous_1)
FN:21,(anonymous_2)
FN:25,(anonymous_3)
FN:29,(anonymous_4)
FNF:5
FNH:2
FNDA:4,(anonymous_0)
FNDA:0,(anonymous_1)
FNDA:1,(anonymous_2)
FNDA:0,(anonymous_3)
FNDA:0,(anonymous_4)
DA:2,1
DA:4,1
DA:7,1
DA:11,4
DA:15,0
DA:16,0
DA:18,0
DA:22,1
DA:26,0
LF:9
LH:5
BRF:0
BRH:0
end_of_record
